<?xml version="1.0" encoding="UTF-8" standalone="no"?>
<!DOCTYPE log SYSTEM "logger.dtd">
<log>
<record>
  <date>2020-10-15T09:50:27</date>
  <millis>1602777027599</millis>
  <sequence>0</sequence>
  <logger>global</logger>
  <level>INFO</level>
  <class>Chat.Interfaz</class>
  <method>IniciarServidor</method>
  <thread>1</thread>
  <message>se creo el servidor sin error?</message>
</record>
<record>
  <date>2020-10-15T09:50:27</date>
  <millis>1602777027614</millis>
  <sequence>1</sequence>
  <logger>global</logger>
  <level>INFO</level>
  <class>Chat.Servidor</class>
  <method>run</method>
  <thread>21</thread>
  <message>Servidor iniciado</message>
</record>
<record>
  <date>2020-10-15T09:50:30</date>
  <millis>1602777030658</millis>
  <sequence>2</sequence>
  <logger>global</logger>
  <level>SEVERE</level>
  <class>Chat.Interfaz</class>
  <method>agregarDestinatario</method>
  <thread>17</thread>
  <message>Fallo al agregar destinatario. Puede que no haya un servidor en ese puerto 칩 que el el destino ingresado no sea un numero entero v치lido</message>
</record>
<record>
  <date>2020-10-15T09:50:38</date>
  <millis>1602777038065</millis>
  <sequence>3</sequence>
  <logger>global</logger>
  <level>INFO</level>
  <class>Chat.Servidor</class>
  <method>run</method>
  <thread>21</thread>
  <message>Mensaje entrante detectado</message>
</record>
<record>
  <date>2020-10-15T09:50:45</date>
  <millis>1602777045161</millis>
  <sequence>4</sequence>
  <logger>global</logger>
  <level>SEVERE</level>
  <class>Chat.Interfaz</class>
  <method>agregarDestinatario</method>
  <thread>17</thread>
  <message>Fallo al agregar destinatario. Puede que no haya un servidor en ese puerto 칩 que el el destino ingresado no sea un numero entero v치lido</message>
</record>
<record>
  <date>2020-10-15T09:50:52</date>
  <millis>1602777052457</millis>
  <sequence>5</sequence>
  <logger>global</logger>
  <level>SEVERE</level>
  <class>Chat.Cliente</class>
  <method>run</method>
  <thread>24</thread>
  <message>Fallo al enviar mensaje</message>
</record>
<record>
  <date>2020-10-15T09:50:53</date>
  <millis>1602777053095</millis>
  <sequence>6</sequence>
  <logger>global</logger>
  <level>SEVERE</level>
  <class>Chat.Cliente</class>
  <method>run</method>
  <thread>25</thread>
  <message>Fallo al enviar mensaje</message>
</record>
<record>
  <date>2020-10-15T09:50:53</date>
  <millis>1602777053235</millis>
  <sequence>7</sequence>
  <logger>global</logger>
  <level>SEVERE</level>
  <class>Chat.Cliente</class>
  <method>run</method>
  <thread>26</thread>
  <message>Fallo al enviar mensaje</message>
</record>
<record>
  <date>2020-10-15T09:50:53</date>
  <millis>1602777053389</millis>
  <sequence>8</sequence>
  <logger>global</logger>
  <level>SEVERE</level>
  <class>Chat.Cliente</class>
  <method>run</method>
  <thread>27</thread>
  <message>Fallo al enviar mensaje</message>
</record>
<record>
  <date>2020-10-15T09:50:53</date>
  <millis>1602777053782</millis>
  <sequence>9</sequence>
  <logger>global</logger>
  <level>SEVERE</level>
  <class>Chat.Cliente</class>
  <method>run</method>
  <thread>28</thread>
  <message>Fallo al enviar mensaje</message>
</record>
<record>
  <date>2020-10-15T09:50:54</date>
  <millis>1602777054111</millis>
  <sequence>10</sequence>
  <logger>global</logger>
  <level>SEVERE</level>
  <class>Chat.Cliente</class>
  <method>run</method>
  <thread>29</thread>
  <message>Fallo al enviar mensaje</message>
</record>
